[debug] [2018-04-27T08:14:26.789Z] ----------------------------------------------------------------------
[debug] [2018-04-27T08:14:26.805Z] Command:       C:\Program Files\nodejs\node.exe D:\Users\Asa HP Choi\AppData\Roaming\npm\node_modules\firebase-tools\bin\firebase deploy
[debug] [2018-04-27T08:14:26.805Z] CLI Version:   3.17.6
[debug] [2018-04-27T08:14:26.805Z] Platform:      win32
[debug] [2018-04-27T08:14:26.805Z] Node Version:  v6.10.0
[debug] [2018-04-27T08:14:26.805Z] Time:          Fri Apr 27 2018 16:14:26 GMT+0800 (China Standard Time)
[debug] [2018-04-27T08:14:26.805Z] ----------------------------------------------------------------------
[debug] 
[debug] [2018-04-27T08:14:26.867Z] > command requires scopes: ["email","openid","https://www.googleapis.com/auth/cloudplatformprojects.readonly","https://www.googleapis.com/auth/firebase","https://www.googleapis.com/auth/cloud-platform"]
[debug] [2018-04-27T08:14:26.867Z] > authorizing via signed-in user
[debug] [2018-04-27T08:14:26.867Z] > refreshing access token with scopes: ["email","https://www.googleapis.com/auth/cloud-platform","https://www.googleapis.com/auth/cloudplatformprojects.readonly","https://www.googleapis.com/auth/firebase","openid"]
[debug] [2018-04-27T08:14:26.867Z] >>> HTTP REQUEST POST https://www.googleapis.com/oauth2/v3/token  
 { refresh_token: '1/fix8E7MATQwe_tp7rDeXvQUsbD-liRHJr4-6R4_tm40',
  client_id: '563584335869-fgrhgmd47bqnekij5i8b5pr03ho849e6.apps.googleusercontent.com',
  client_secret: 'j9iVZfS8kkCEFUPaAeJV0sAi',
  grant_type: 'refresh_token',
  scope: 'email https://www.googleapis.com/auth/cloud-platform https://www.googleapis.com/auth/cloudplatformprojects.readonly https://www.googleapis.com/auth/firebase openid' } 
 Fri Apr 27 2018 16:14:26 GMT+0800 (China Standard Time)
[debug] [2018-04-27T08:14:28.963Z] <<< HTTP RESPONSE 200
[debug] [2018-04-27T08:14:29.004Z] >>> HTTP REQUEST GET https://admin.firebase.com/v1/projects/proposepoc  
  
 Fri Apr 27 2018 16:14:29 GMT+0800 (China Standard Time)
[debug] [2018-04-27T08:14:30.321Z] <<< HTTP RESPONSE 200
[debug] [2018-04-27T08:14:30.321Z] >>> HTTP REQUEST GET https://admin.firebase.com/v1/database/proposepoc/tokens  
  
 Fri Apr 27 2018 16:14:30 GMT+0800 (China Standard Time)
